Mar 26, 2024 6:14:23 PM banking_project.Bank_server log_file_encrypt
INFO: D+lpA7wfcsH7+dbad5lp52wajSOOtSuxJ/Iu8qyBK6iLvRY+utwuh7PG/C3ZMeRYQHtMAE2r2hJUwuQRafsMDm4Z1GHvh/yEmy3gCXt7dxSraDGVo1v1oU3HNWaaSzJfRJu/HGewb1Cp+kaVYy0mIqs7+hQ/GDCa6z4pq8PA1cONyUz1+6RNESsxQaS+jiavaEiaO7QzyW51Jx5GjX6LtTa/3Naeby7eRBhySqsWbrK10Bw1w5ViDnfgrahOHMXH1FRbq+7onFQGYq9iceJljZqsd0v5pHTgemTg+zBgDb1LsbHdErX6CNf/Ba2x80RUvquNFi5Nfvq/O93Udta9rA==
Mar 26, 2024 6:14:24 PM banking_project.Bank_server log_file_encrypt
INFO: lLzYWIfYs8xvyN8NWWXW3mj1Lrp09aVpTMBGiz2RleOvKxpuzUZH3SHOadX/J39DNuqrsPUM6FBno7mH0wdgCZbjP4cFz3UlcyPFbvsfzJjXRe3mRmADcr9cR+5rvlJ0shAN0Fba++V0xlByN2JWoHWh/G2XMw58COxRN9kgmiTbaSuSvEtNKkvX8Bm6ayVgml83vHeRVk4Zoc3USfsCFe///s4dpd8nyV6l4GLF/kWaa1ku/CwnWsIW8WQimPD6O8pDUkCtbMQzsDujpqIlP40a2Y+dDCKjGU6Wb3EJNwlbY/J13B32a/hXg+jX/MpHhh4+D9/HE9oKATDsK/SYRQ==
Mar 26, 2024 6:14:28 PM banking_project.Bank_server log_file_encrypt
INFO: IzGE4I8ru3oHEq59+bg4AvEq6sTU8VIE1N4PORMWbLr4z4k6I98X/jATPsMJNtAHn4h+ACNVEy8sss0e0c2C2+nwEjdbP7LtBJgfopVYOn/w2wiMNHcZptBu8eqmIvnklVA8oNWkCDxRgvtvlE0u4j25lzFWHje1YTq2u+X5Z9UCyL1+DKivD9mInw3NcrGPO1Ub9/dkTXm62yjHNlYypdtNiQzsuM5nhJV70dnneJqvJgUkE0/cqizGy0SL0R3r0k1iXnmTLnxyB+VZTfWEMGHeNu72Vg8Z+N9jQZE4ed+Yppg4gJMZk8R2/iUArpMidARzEEQE+dspxaUfBEp9BA==
Mar 26, 2024 6:15:08 PM banking_project.Bank_server log_file_encrypt
INFO: ayodnOUPnXx4B3AngXRjk8moWuS8w/W/J4YYkhoPITPyqa14W6JcMYZC2+/SD58L/bE901vSl8Xsxb/iLtJP5bnqqYfbZyWwhS+OQAcM3z3EcAMZLS3llh3uTC1m26otsn+uJbmK8rw/1RzZmHV7u51FQcQ0ivvBn+vxTibK565xhqr2APV072pYAPxGLo40piGSXTFr8LfdZi3s5k6QfHTYYov7x0Um8HrZJHVKEV3hxZORkAdBZK5NJLftSyR5/oLVPO32wvYLfEfpx66vHa1H2f11GMgsua7KEsqmB+w6N2+JT4thFRbBVGkH6JgAzNc8W95n+ui4sfDSTDKBlQ==
Mar 26, 2024 6:15:09 PM banking_project.Bank_server log_file_encrypt
INFO: j5aG14yvNdVzXBk4SCbkS/d28Svdob1n3GuxJT29+Pxi73thSz0Y6ZhKzcbCPvjk+fSIMev29HiJWrqx/SDcxXc/PEYDBVvyh70LzlL9XDAo2PMoYQGh4g6Jo8zty9aT6qrp+SmpRM9qZzB+dmPnvcA+dtKgWcCkCmPbYiTlrFNK3qVw1Ld9ObTm4WPVOJ7wxPLEiQ9bAWDQMYs1gfE/nrQ14NhX9lbSJ85qH+JNxF/RVsIqpgPgmPJrYgaC2zVpc89ijMN/pvqblmI51mJaN2vQyBLKLTSFrQo2P6xvsyChu/pbMpAMWzmlPSuunr51nsKSibkh2zFxU4QM6tNxMQ==
Mar 26, 2024 6:15:35 PM banking_project.Bank_server log_file_encrypt
INFO: kR0N+NmShmoX1O9s23NH+UMHDbexox9Owp8WAg31zwTo9Qmu2WPBM9xuNG9P5ry69Wtj75XkKD6ikdAX4svWGDRjXrA6r0FKXHBXDQ+tAuOI+ea10EoeIXGbt9mLoDB5vGzUg7FlHKO0yG3eZKUMFiRcStKYIIOTQaMXAMCX1iu/8lglS4l9fwMuFZLeIbCoChpHRvHyu2ZWR4LL667ig779HQC8CZVd9Rs+PYh/EJQ7MD346JhRA101hxHMQPA8785qr6wUMoN2Ef+9fhyzfbi0OWRNbfeVj/uQGifFFrZvp4UNVD61PLsgQHjOv5pAuyWgCb+SWyCUlwD9r/iYjw==
Mar 26, 2024 6:15:39 PM banking_project.Bank_server log_file_encrypt
INFO: aCPWN8lfyFjAqZNGpbnqLixu69nvhC0fRyKQ9lvJ3BCwsg8UpjJ5hyWWrnXizR7cT1Wu8innxTkLs4C/VEBAGYUyfMxXniQENrNeBqCzt5Hqpr8rv5fmaJXf5V3NXavqKBkT4eSPn4jeSQdR7QqETNzVQlWsGoYVY0s1o/uBS6TK6vaFkzkxorEQtdvO1Mk/Yd2cD0Q1D+/ZNf8SLbeVJZBNeanqRYRkqD3mVsrwBgL+rbASRk4sIPyl2p7uDmi/YalqFGjdoNkp4kON7cIG0pWuNkk3bLbWd9wkoUOwk9A9B0BeVICxP5DZy77OgHl85p6PvUqdY+zRQAO0EoZAuA==
Mar 26, 2024 6:15:42 PM banking_project.Bank_server log_file_encrypt
INFO: tI0Fw7kTUrp/ojKADojPFUq/HmYgsZq4U7kwYPeTi5QBz4tdSf3z0BU1hosReQ58F11d3eTdr7z/sRYwxKAM+LZIKgRtEl8udnqyXqhKF+dZICg0J3YY2qh5jY4tJN/ynA4BsRxUNuZMHgU5joheRg2bXjwc/apcXVizillEYpKHkJ6AdwJkI865yrXBcjNvxnXAKb6gvuWm2NiPscdcrk16kr4cnNqLOjb+Sc34xaJ4LcnyTPREG91pDIdo0fygNCovkAwtPvVfreyQz2Ue55z+W1eJX1IlFSx1n3RkZ6sg8/3Hd+Hc1U9Bgm0Px14bKdv/A+U1Rtb4i6Y6F2sFiA==
Mar 26, 2024 6:15:45 PM banking_project.Bank_server log_file_encrypt
INFO: btVpv0dtcMbhKh8esWlwf8AoHN8Xz8D24eP+h7qJKXC0SZJfDBumQBrld6cJVl/5VTAwmq/hwegmY6XAcQi8I2XcnOKmIPweSi5fLrV0591xRhZNDsMK27J7Qmj87Ss9NyZDOKOmxsZzP2nWeCfP0g0cGlC8YzAxqHbSY0a5tLIWoL4RouKJmf3aPaXnL8lHuD2LW11dCq2x3l3upzG+xCIHYG0Bm4VKklJ0gFcc8PS4nxL0xkIOAUCLJUU13nvEPZ1xwlzZu1e5iXfscf9dE/B7+qcr/A80rLgcJkn0fdND2QuhFGHWfv8iMCIEHRrwgRE23DjrBqPTFGPgZKkJ1A==
Mar 26, 2024 6:15:48 PM banking_project.Bank_server log_file_encrypt
INFO: luum4/S6qLfONBVT5kJJ5cuZgPDUOPTjaxPqT8RHXst6MTUiSEqLxizdg0yemD/KOSRfuDQ3kE4OESZxYFD1kKKeDOP/bcZpofxydNGcwhuvgAvoPmSTCQwvF8gFSRwoMgZ5BLmGsKQwf0XNHPVGxxNxeIA2X548cXRr5/myz2LzAAfza42sJ/pOMLnX+A1T+ef4rfUmf6z8vKNnmunig71ulycmdX4XCbdF/z8fyQZRqib8Ck8GE5H1ILoQVInkK0LCrR6294L9V+26p7gzpArIUAyTxrLLG/E7Dt6QVNXvgropeUodKzV+w+Vg68ayQuA/4iT3UlE9I5lbQ/DAJA==
Mar 26, 2024 6:15:56 PM banking_project.Bank_server log_file_encrypt
INFO: nrihZ48LOsE7sGOMy+pKOpSRROqf5rltB3v6IxLTNtvKzju45HBoELjdzAhb+lAnz86cNgkRVpA8QG+HtSpIsgdUmmKxmFR1WzJFcSK8V1oHe3NOsi99gZ2C6tDGzVBelXYZThHA05vVz4F/VYz4ZiDEfWGbGy6ZXHRgfpn26W7/qIlCL+fRneIfSoQE4AlyDqcXFcUQXgv6XdUhCJzP92cBl4PqaoRoVRp/P2f94erVIQnCuyxW9NWHfcMj+YVnDDlQsHOJCfnIj56SAipJPMO1zLCxKMFAWe6VVCPEmZloivMxYBG6kkxrER40yzzpo/LCizENEz54zG33QQhH/Q==
Mar 26, 2024 6:15:56 PM banking_project.Bank_server log_file_encrypt
INFO: hWrsiKzqtOCUbHKoo4MYJo1iwKs/+o8OTfgxGf7nCVwTOZltdvmgZxpVS5DtFeNImCL+7qolTYzD2TQ6fNBFGfqGe859+Af+rwujUz5xL0eZ0xxd53Wo9Nke/j1h2c/5HO56da0meiPhIYKYdmM4Ph8frcXLuvUNJHY5kH6xhqPNgYYCEkNgm+IF5u/EXN+OAydOQMJzdDcfCuUMUNHpuEUBEWgpo8ziQdP3RnXET5UEVlcvlIUkQ3N7bLamvYTWEwynIwfdE1SBMvHJW7xqOaT5bMMnByo1LW2ti/I4DsMpcb101/yYiUXJX/HblduwPUQ+vfMLDvJzbOn71jiQjg==
Mar 26, 2024 6:16:06 PM banking_project.Bank_server log_file_encrypt
INFO: BmeTnkytmI8qAcIN+CM4RZ+rX045+tnsOgLVReow8v1Wl81tI8QWyXht7fIiv7aEgsyrEeB0EbSYrCyhhQ8wlBeKBKNB0ehLdDIOLNsDXMME3Zm+6dLt/FMg8PErQXlMe1ayaRufsyX42I+kcqBKQGuKCRVYJh+Tk2Jx8tiXBCiCCBjXIVwEhp0OIarcRlgpyW5bK9eIs76SbXLuCH+gDV9KZt7VDwsh4bR9a+ClHJY656ZWCLmgzyrObha/O+/HIuWTsbcllZSWegeoNSsX3a3gYvEKB2JipZx4wxtVqbFPzpIuOLfU+lgBEsHPD4HlNkIeTTSeFMZtTitYBQkrJw==
Mar 26, 2024 6:16:15 PM banking_project.Bank_server log_file_encrypt
INFO: A6439Ho1Exm2oX5mqDCvyFPU//Rd9WwaBXN4G3KD0FJQP2PMvjXsC48y9pRfTZIJsYg+Bs29enX/ZovfFWRIlv1ZShqYQsRmKMgFZqmuIEFOikznn5ekBOOhRoS4IlHXgvzdUnmEDfFckAUKXvKvfgoHn+CEX/l80R395NzBJSQcOzNRbH/j5/9MUu2tOJyAv9KvnLs8dabPOB9ZvOTGyktFTR9U4ZKXIWoWS8VivE6My4sO8Xr3zP3Emjyw4QE+JshjylhmaF85puUsvKHLVmG3Aa9TJmU/RKyUmppPpxXbkFrVkLIt/ceRcp905t8H8w77HOxLGwOce//erS5MfQ==
Mar 26, 2024 6:19:47 PM banking_project.Bank_server log_file_encrypt
INFO: bNdNZM92L3wAb96LHYK7kVSlaku0eeOBekcfpXUN44+rFR8cEjNdo+/1k7avZVrXH0Mp71RYt/Hw9SdNarEDRlEvvxQicuzndftvvpNC+aBR8+FtEisfjM2bKASuSdDDVO5R3z0gPfad7IBQyP2i3vhxUtK8U/AaDv3Zjis841PUSHil+vZ/J/EtnMAjjbfyG1DRngYB8381eT/SDxBC6t9qUXs9692cSDDsB31/ItsHajr6VsLQXgU7VNIEHcZH28EkEmCFBZ2kkY7cO25+gRRa9JnrYYqirTl9x2SQmqKfN/GkBqblCzEbP7RMRqdKqewFumLYdvX+nJr+fiWC4w==
Mar 26, 2024 6:19:47 PM banking_project.Bank_server log_file_encrypt
INFO: Be5q7sV5iO21tLrIL7CRCXbC3HLSSxvy9mgYRE3TLCDK+hdvDB+3fV/UudBHilI+TBlW1GcaGqMC0daHKFt29nUDYBjRRP+Qnb9qSgmOh90MGh/ya1Cb5EBIItNGsm79WU+6Uo63XL6gyhIEaZY2ScSr4hgJ3mQTxSJ92lBJY5HFDUx2Rc9I+Vak+zQNUmY3+QisR99mlkf7qPr9K4FgWFPF1O41rOmc94+0ThE70a+Hdh7t8EzKPxm10D7tQAM44b3eD9FL1KB0AQ34/y+qvKH1VoniETFPpnHfj0FzKaFZUN27E63GlZd3xL4AJ58lW7dSVm1xiYcfES97LS9s0w==
Mar 26, 2024 6:19:50 PM banking_project.Bank_server log_file_encrypt
INFO: bO2b9H9vmMk4xr+eNeVzQZq1dFHT4lnahF7v3MnOttbRJo3nV/qDCCuiNAqPOJNClIF4ITeRcqsoYQSmBuac2wsG9OULMIXA7+2+2IQ/4z/9TxR+OjppyW/zSEPDHBnKtDVExyu1mq8XOA9huFPMO4aPqQkGB3X8BT1G9KyBtalaucnz6TOP/fljldF8tJSwaDhCZXd0WL6TmUwLcb+Rp7Kvk3TxosH4wTC3WBwEBAWrAIAgF3J/YzsJLQcV2/+4mbWr3C/CP4qN8CDcL9SZpJGYLCrS3qe64lUanvRJ4U9gnwnRpW9LN/dC4WTKzY9Ab3vlV0E9DYHFIjYMA4aTaQ==
Mar 26, 2024 6:19:53 PM banking_project.Bank_server log_file_encrypt
INFO: pJmMAEYQJ7tLJtJ5F7FJTpbKuUYjc+SrkEOTshZgNVEk8yg+GkeumMV0IpEHVi4GVVX5x523dP0VUChWN1Wx8Ice0/vu02stFT8i82An0bQP+0zxqght40k6tp6F8HgiyrYH2FMWj2RK+jWJdyYhk0nI/owPzOsvvutIsQO70wcw/fylVJ9CnPym3rUYFhuDjhzA+jUEHq2SDW/lpdaz6uOP50oyfsRVLUai9bzRFGW1gHVT7+MrZb5FE274VrfT96PZUKxnLFsJkCIiUAOiFx1crUcin03M/DrjSdaaAT2lwVs7s2rss6/IW2REw6ra/5GUoh3N6IRKY+PHsqTXbA==
Mar 26, 2024 6:19:57 PM banking_project.Bank_server log_file_encrypt
INFO: POFtGZNDpneVsPeoKtwfaNEgzFKXjJReLTTMB7nS/kgXFKAyxqPp07y2gxX2Gy3FPUEodpE9jCCPyA/rQ3ttdDmplrca9fZdWRI0oFdJDxQRlxMI11/Qnf+kKLofQsXE2Q6ZLJatqxfFR8lrSnhtnlXuxX/OkeLpVAVwJ403KCkdF0QgUt6J7U+S/60IZuUkwbWr16w2ijmP1HlSn88KFzj+xz7nS5SMe0Z6xwvmMUeywTQv+f3a9zKR2noAy6eHdgBnjO1XW+LVE47Y2/HhaLqQZ1j49WFwgburZlmPxkO9Eci2SFLSQiDfGyfhLO2B6lgPt9SIrEkZUODkR9MZAg==
Mar 26, 2024 6:19:57 PM banking_project.Bank_server log_file_encrypt
INFO: a8UWWRabC4pH1hoZOCPt1ppYls5siDV9aXJnY/YLrWOmU9tv1oKBycVuBtYdanBbvLN/b8oqGor3jYXJjEBAlWLTNxOgPe+47LWXbFYBcDHDGswlKDu13Df3xsTEICpq6CnBwjEnrywWQC+XqA6q7w2JK9R8nncEbJSTXrlwb2CN6cA9WABeK2sE3nbmz8YB4aXf8ExZg0HjhLSaeaniq5E6DIcN7o0jk0SXGw/5Pe6NRmLkYfnG0uiJ9wnh+IDDtp7kqUlcsoJLmKAaKK7dSQyU5clXJuZnyb1CwYlivHQunYhUXXYI7nhQPK44/FVSRo0YRyEWZrdjUJ/NaCZD7A==
Mar 26, 2024 6:20:01 PM banking_project.Bank_server log_file_encrypt
INFO: qFjp6JKLS7d15W+uzGiTiqObcPtdxSDC7rIAYws8ELIntGBJKYKIkY9CnBItzps/MJOcstR7mwAwat14a7yTRMQyab5jz2+jUytiQOnQcNM2Ae4mFX722KeHJLlpBEZd6ZHvZMD2KgSW15vB4mrEgC0cuI2PvVoQgqbVs5alC7ijRMKdqAR5wKDOwWnAtthcXdhMkoM8jessXbzfeoXigb8OgYiJPbr/CMDFpBexonLhct/JKEXpeHUbQVb0q0zZfCKZxdfdvOA66Ujg06efsA/AWO6LYbCZWZEl91Z3VDiaTDWwDk121xlUU2sLjezgHcLxPu10Sm79xmAur8gHVQ==
Mar 26, 2024 6:20:03 PM banking_project.Bank_server log_file_encrypt
INFO: bGvMofc16IH34Huu74FL9Aj2/iOSM4OJALtqknmL99lruZWdSiy66P3YVM2XMgMqRiPGaRT0Md3cMqBd3PYMKM0XfEk3uFr/nm3EbBlFWYypXZwht/p8OT3q3CWuDCAoQbHog6Vu6Fhy08TrScKWF0/Kb1IEOZjxxAD7fddtImSLluaEWFF9wnc4I46Y8yCngJ4YGyq82fLVfl89+92C/NoPAx/GTcgAzSDOQl9VKLZCl80vTxqdzQrRWeQ/GD7/YBxf+UDwT+4G9dxuakAhzu9jqLSOKKOYpcbohLl1tbucc2tGwPe7FX8AYcnEBG6PPMQOLsCb4c+2Pd91uaLi4g==
